# JRE version: OpenJDK Runtime Environment (8.0_242-b01) (build 1.8.0_242-release-1644-b01)
# Java VM: OpenJDK 64-Bit Server VM (25.242-b01 mixed mode windows-amd64 compressed oops)
Heap:
 PSYoungGen      total 197120K, used 72531K [0x00000000d5580000, 0x00000000e5380000, 0x0000000100000000)
  eden space 176640K, 41% used [0x00000000d5580000,0x00000000d9c54f58,0x00000000e0200000)
  from space 20480K, 0% used [0x00000000e0200000,0x00000000e0200000,0x00000000e1600000)
  to   space 19456K, 0% used [0x00000000e4080000,0x00000000e4080000,0x00000000e5380000)
 ParOldGen       total 104960K, used 37807K [0x0000000080000000, 0x0000000086680000, 0x00000000d5580000)
  object space 104960K, 36% used [0x0000000080000000,0x00000000824ebed8,0x0000000086680000)
 Metaspace       used 60561K, capacity 63051K, committed 63144K, reserved 1103872K
  class space    used 8083K, capacity 8581K, committed 8624K, reserved 1048576K
GC Heap History (10 events):
Event: 6.147 GC heap before
{Heap before GC invocations=12 (full 2):
 PSYoungGen      total 153600K, used 9362K [0x00000000d5580000, 0x00000000dfa00000, 0x0000000100000000)
  eden space 142336K, 0% used [0x00000000d5580000,0x00000000d5580000,0x00000000de080000)
  from space 11264K, 83% used [0x00000000dec80000,0x00000000df5a4ae0,0x00000000df780000)
  to   space 12288K, 0% used [0x00000000de080000,0x00000000de080000,0x00000000dec80000)
 ParOldGen       total 38400K, used 8962K [0x0000000080000000, 0x0000000082580000, 0x00000000d5580000)
  object space 38400K, 23% used [0x0000000080000000,0x00000000808c09a8,0x0000000082580000)
 Metaspace       used 34238K, capacity 35404K, committed 35496K, reserved 1079296K
  class space    used 4712K, capacity 5001K, committed 5040K, reserved 1048576K
Event: 6.289 GC heap after
Heap after GC invocations=12 (full 2):
 PSYoungGen      total 153600K, used 0K [0x00000000d5580000, 0x00000000dfa00000, 0x0000000100000000)
  eden space 142336K, 0% used [0x00000000d5580000,0x00000000d5580000,0x00000000de080000)
  from space 11264K, 0% used [0x00000000dec80000,0x00000000dec80000,0x00000000df780000)
  to   space 12288K, 0% used [0x00000000de080000,0x00000000de080000,0x00000000dec80000)
 ParOldGen       total 61440K, used 15740K [0x0000000080000000, 0x0000000083c00000, 0x00000000d5580000)
  object space 61440K, 25% used [0x0000000080000000,0x0000000080f5f2d0,0x0000000083c00000)
 Metaspace       used 34238K, capacity 35404K, committed 35496K, reserved 1079296K
  class space    used 4712K, capacity 5001K, committed 5040K, reserved 1048576K
}
Event: 8.674 GC heap before
{Heap before GC invocations=13 (full 2):
 PSYoungGen      total 153600K, used 142336K [0x00000000d5580000, 0x00000000dfa00000, 0x0000000100000000)
  eden space 142336K, 100% used [0x00000000d5580000,0x00000000de080000,0x00000000de080000)
  from space 11264K, 0% used [0x00000000dec80000,0x00000000dec80000,0x00000000df780000)
  to   space 12288K, 0% used [0x00000000de080000,0x00000000de080000,0x00000000dec80000)
 ParOldGen       total 61440K, used 15740K [0x0000000080000000, 0x0000000083c00000, 0x00000000d5580000)
  object space 61440K, 25% used [0x0000000080000000,0x0000000080f5f2d0,0x0000000083c00000)
 Metaspace       used 40304K, capacity 42058K, committed 42408K, reserved 1085440K
  class space    used 5555K, capacity 5941K, committed 6064K, reserved 1048576K
Event: 8.690 GC heap after
Heap after GC invocations=13 (full 2):
 PSYoungGen      total 154624K, used 12287K [0x00000000d5580000, 0x00000000e2400000, 0x0000000100000000)
  eden space 142336K, 0% used [0x00000000d5580000,0x00000000d5580000,0x00000000de080000)
  from space 12288K, 99% used [0x00000000de080000,0x00000000dec7fdf8,0x00000000dec80000)
  to   space 14336K, 0% used [0x00000000e1600000,0x00000000e1600000,0x00000000e2400000)
 ParOldGen       total 61440K, used 16487K [0x0000000080000000, 0x0000000083c00000, 0x00000000d5580000)
  object space 61440K, 26% used [0x0000000080000000,0x0000000081019e60,0x0000000083c00000)
 Metaspace       used 40304K, capacity 42058K, committed 42408K, reserved 1085440K
  class space    used 5555K, capacity 5941K, committed 6064K, reserved 1048576K
}
Event: 10.569 GC heap before
{Heap before GC invocations=14 (full 2):
 PSYoungGen      total 154624K, used 154623K [0x00000000d5580000, 0x00000000e2400000, 0x0000000100000000)
  eden space 142336K, 100% used [0x00000000d5580000,0x00000000de080000,0x00000000de080000)
  from space 12288K, 99% used [0x00000000de080000,0x00000000dec7fdf8,0x00000000dec80000)
  to   space 14336K, 0% used [0x00000000e1600000,0x00000000e1600000,0x00000000e2400000)
 ParOldGen       total 61440K, used 16487K [0x0000000080000000, 0x0000000083c00000, 0x00000000d5580000)
  object space 61440K, 26% used [0x0000000080000000,0x0000000081019e60,0x0000000083c00000)
 Metaspace       used 52354K, capacity 54408K, committed 54568K, reserved 1095680K
  class space    used 6997K, capacity 7452K, committed 7472K, reserved 1048576K
Event: 10.595 GC heap after
Heap after GC invocations=14 (full 2):
 PSYoungGen      total 190976K, used 14305K [0x00000000d5580000, 0x00000000e2d00000, 0x0000000100000000)
  eden space 176640K, 0% used [0x00000000d5580000,0x00000000d5580000,0x00000000e0200000)
  from space 14336K, 99% used [0x00000000e1600000,0x00000000e23f8688,0x00000000e2400000)
  to   space 20480K, 0% used [0x00000000e0200000,0x00000000e0200000,0x00000000e1600000)
 ParOldGen       total 61440K, used 27638K [0x0000000080000000, 0x0000000083c00000, 0x00000000d5580000)
  object space 61440K, 44% used [0x0000000080000000,0x0000000081afdb88,0x0000000083c00000)
 Metaspace       used 52354K, capacity 54408K, committed 54568K, reserved 1095680K
  class space    used 6997K, capacity 7452K, committed 7472K, reserved 1048576K
}
Event: 11.596 GC heap before
{Heap before GC invocations=15 (full 2):
 PSYoungGen      total 190976K, used 89186K [0x00000000d5580000, 0x00000000e2d00000, 0x0000000100000000)
  eden space 176640K, 42% used [0x00000000d5580000,0x00000000d9ea0558,0x00000000e0200000)
  from space 14336K, 99% used [0x00000000e1600000,0x00000000e23f8688,0x00000000e2400000)
  to   space 20480K, 0% used [0x00000000e0200000,0x00000000e0200000,0x00000000e1600000)
 ParOldGen       total 61440K, used 27638K [0x0000000080000000, 0x0000000083c00000, 0x00000000d5580000)
  object space 61440K, 44% used [0x0000000080000000,0x0000000081afdb88,0x0000000083c00000)
 Metaspace       used 56703K, capacity 59051K, committed 59160K, reserved 1099776K
  class space    used 7753K, capacity 8240K, committed 8240K, reserved 1048576K
Event: 11.616 GC heap after
Heap after GC invocations=15 (full 2):
 PSYoungGen      total 197120K, used 8047K [0x00000000d5580000, 0x00000000e5380000, 0x0000000100000000)
  eden space 176640K, 0% used [0x00000000d5580000,0x00000000d5580000,0x00000000e0200000)
  from space 20480K, 39% used [0x00000000e0200000,0x00000000e09dbfc0,0x00000000e1600000)
  to   space 19456K, 0% used [0x00000000e4080000,0x00000000e4080000,0x00000000e5380000)
 ParOldGen       total 61440K, used 37701K [0x0000000080000000, 0x0000000083c00000, 0x00000000d5580000)
  object space 61440K, 61% used [0x0000000080000000,0x00000000824d1720,0x0000000083c00000)
 Metaspace       used 56703K, capacity 59051K, committed 59160K, reserved 1099776K
  class space    used 7753K, capacity 8240K, committed 8240K, reserved 1048576K
}
Event: 11.616 GC heap before
{Heap before GC invocations=16 (full 3):
 PSYoungGen      total 197120K, used 8047K [0x00000000d5580000, 0x00000000e5380000, 0x0000000100000000)
  eden space 176640K, 0% used [0x00000000d5580000,0x00000000d5580000,0x00000000e0200000)
  from space 20480K, 39% used [0x00000000e0200000,0x00000000e09dbfc0,0x00000000e1600000)
  to   space 19456K, 0% used [0x00000000e4080000,0x00000000e4080000,0x00000000e5380000)
 ParOldGen       total 61440K, used 37701K [0x0000000080000000, 0x0000000083c00000, 0x00000000d5580000)
  object space 61440K, 61% used [0x0000000080000000,0x00000000824d1720,0x0000000083c00000)
 Metaspace       used 56703K, capacity 59051K, committed 59160K, reserved 1099776K
  class space    used 7753K, capacity 8240K, committed 8240K, reserved 1048576K
Event: 11.826 GC heap after
Heap after GC invocations=16 (full 3):
 PSYoungGen      total 197120K, used 0K [0x00000000d5580000, 0x00000000e5380000, 0x0000000100000000)
  eden space 176640K, 0% used [0x00000000d5580000,0x00000000d5580000,0x00000000e0200000)
  from space 20480K, 0% used [0x00000000e0200000,0x00000000e0200000,0x00000000e1600000)
  to   space 19456K, 0% used [0x00000000e4080000,0x00000000e4080000,0x00000000e5380000)
 ParOldGen       total 104960K, used 37807K [0x0000000080000000, 0x0000000086680000, 0x00000000d5580000)
  object space 104960K, 36% used [0x0000000080000000,0x00000000824ebed8,0x0000000086680000)
 Metaspace       used 56674K, capacity 58955K, committed 59160K, reserved 1099776K
  class space    used 7745K, capacity 8224K, committed 8240K, reserved 1048576K
}

